build/app/outputs/mapping/release/mapping.txt
# compiler: R8
# compiler_version: 2.1.62
# min_api: 21
# pg_map_id: bb7fb9c
# common_typos_disable
...
com.google.android.gms.common.internal.zzi -> com.google.android.gms.common.internal.n0:
    com.google.android.gms.dynamic.IObjectWrapper zzb() -> c1
    int zzc() -> h2
com.google.android.gms.common.internal.zzj -> com.google.android.gms.common.internal.o0:
    boolean zza(int,android.os.Parcel,android.os.Parcel,int) -> t
com.google.android.gms.common.internal.zzp -> com.google.android.gms.common.internal.p0:
    java.lang.Object sLock -> a
    boolean zzeo -> b
    int zzeq -> c
    int zzd(android.content.Context) -> a
    void zze(android.content.Context) -> b
com.google.android.gms.common.internal.zzq -> com.google.android.gms.common.internal.q0:
com.google.android.gms.common.stats.ConnectionTracker -> b.a.a.a.b.l.a:
    java.lang.Object zzdp -> a
    com.google.android.gms.common.stats.ConnectionTracker zzfa -> b
    com.google.android.gms.common.stats.ConnectionTracker getInstance() -> a
    void unbindService(android.content.Context,android.content.ServiceConnection) -> b
    boolean zza(android.content.Context,java.lang.String,android.content.Intent,android.content.ServiceConnection,int) -> c
com.google.android.gms.common.util.ArrayUtils -> com.google.android.gms.common.util.a:
    boolean contains(java.lang.Object[],java.lang.Object) -> a
com.google.android.gms.common.util.ClientLibraryUtils -> com.google.android.gms.common.util.b:
    boolean zzc(android.content.Context,java.lang.String) -> a
com.google.android.gms.common.util.Clock -> com.google.android.gms.common.util.c:
    long currentTimeMillis() -> a
com.google.android.gms.common.util.CrashUtils -> com.google.android.gms.common.util.d:
    boolean addDynamiteErrorToDropBox(android.content.Context,java.lang.Throwable) -> a
    boolean zza(android.content.Context,java.lang.Throwable,int) -> b
com.google.android.gms.common.util.DefaultClock -> com.google.android.gms.common.util.e:
    com.google.android.gms.common.util.DefaultClock zzgm -> a
    long currentTimeMillis() -> a
    com.google.android.gms.common.util.Clock getInstance() -> b
com.google.android.gms.common.util.DeviceProperties -> com.google.android.gms.common.util.f:
    java.lang.Boolean zzgs -> c
    java.lang.Boolean zzgp -> a
    java.lang.Boolean zzgq -> b
    boolean isSidewinder(android.content.Context) -> a
    boolean isWearable(android.content.Context) -> b
    boolean isWearableWithoutPlayStore(android.content.Context) -> c
    boolean zzf(android.content.Context) -> d
com.google.android.gms.common.util.PlatformVersion -> com.google.android.gms.common.util.g:
    boolean isAtLeastIceCreamSandwich() -> a
    boolean isAtLeastIceCreamSandwichMR1() -> b
    boolean isAtLeastJellyBean() -> c
    boolean isAtLeastJellyBeanMR2() -> d
    boolean isAtLeastKitKatWatch() -> e
    boolean isAtLeastLollipop() -> f
    boolean isAtLeastN() -> g
    boolean isAtLeastO() -> h
com.google.android.gms.common.util.zzb -> com.google.android.gms.common.util.h:
    int zzc(int) -> a
com.google.android.gms.common.util.zzc -> com.google.android.gms.common.util.i:
    boolean isMainThread() -> a
com.google.android.gms.common.wrappers.PackageManagerWrapper -> b.a.a.a.b.m.a:
    android.content.Context zzhx -> a
    android.content.pm.ApplicationInfo getApplicationInfo(java.lang.String,int) -> a
    java.lang.CharSequence getApplicationLabel(java.lang.String) -> b
    android.content.pm.PackageInfo getPackageInfo(java.lang.String,int) -> c
com.google.android.gms.common.wrappers.Wrappers -> b.a.a.a.b.m.b:
    com.google.android.gms.common.wrappers.Wrappers zzhz -> b
    com.google.android.gms.common.wrappers.PackageManagerWrapper zzhy -> a
    com.google.android.gms.common.wrappers.PackageManagerWrapper packageManager(android.content.Context) -> a
    com.google.android.gms.common.wrappers.PackageManagerWrapper zzi(android.content.Context) -> b
com.google.android.gms.common.zza -> b.a.a.a.b.n:
com.google.android.gms.common.zzb -> b.a.a.a.b.o: