build/app/outputs/mapping/release/usage.txt
com.example.digi_logbook.R$attr
com.example.digi_logbook.R$mipmap
com.example.digi_logbook.R
com.example.digi_logbook.R$style
com.example.digi_logbook.R$dimen
com.example.digi_logbook.R$xml
com.example.digi_logbook.R$id
com.example.digi_logbook.R$integer
com.example.digi_logbook.R$layout
com.example.digi_logbook.BuildConfig
com.example.digi_logbook.R$styleable
com.example.digi_logbook.R$drawable
com.example.digi_logbook.R$color
com.example.digi_logbook.R$string
...
com.google.common.graph.Traverser$TreeTraverser$DepthFirstPreOrderIterator
io.flutter.plugins.imagepicker.R$attr
com.google.common.util.concurrent.Futures$3
com.google.android.gms.common.images.ImageManager$zab
com.google.common.base.CharMatcher$AnyOf
com.google.common.collect.SortedMapDifference
com.google.common.base.AbstractIterator$State
kotlin.jvm.internal.LocalVariableReferencesKt
androidx.core.os.LocaleListInterface
com.google.common.collect.TreeMultimap
kotlin.random.URandomKt
com.google.common.hash.HashCode$BytesHashCode
kotlin.jvm.internal.LongSpreadBuilder
androidx.core.widget.ContentLoadingProgressBar$2
com.google.common.collect.ForwardingNavigableMap$StandardNavigableKeySet
com.google.android.gms.dynamic.LifecycleDelegate:
    public abstract void onInflate(android.app.Activity,android.os.Bundle,android.os.Bundle)
    public abstract android.view.View onCreateView(android.view.LayoutInflater,android.view.ViewGroup,android.os.Bundle)
    public abstract void onPause()
    public abstract void onDestroyView()
    public abstract void onLowMemory()
com.google.common.primitives.ParseRequest
kotlin.jvm.internal.ArrayIteratorKt
com.google.common.reflect.MutableTypeToInstanceMap$UnmodifiableEntry$1
com.google.j2objc.annotations.LoopTranslation$LoopStyle
com.google.common.cache.LocalCache$KeySet
com.google.common.primitives.Ints$LexicographicalComparator
androidx.annotation.BinderThread
com.google.common.graph.Graphs$TransposedValueGraph
kotlin.text.StringsKt___StringsKt$groupingBy$1
com.google.android.gms.common.images.zac
com.google.common.collect.ImmutableList
io.flutter.app.FlutterActivityDelegate$ViewFactory
kotlin.sequences.SequencesKt___SequencesKt$minus$3
androidx.fragment.app.FragmentTabHost$SavedState
com.google.android.gms.common.internal.DialogRedirect:
    public static com.google.android.gms.common.internal.DialogRedirect getInstance(androidx.fragment.app.Fragment,android.content.Intent,int)
com.google.android.gms.maps.internal.zzl
io.flutter.embedding.android.FlutterFragment$1
androidx.core.app.ActivityRecreator$1
com.google.common.base.CharMatcher$JavaIsoControl
com.google.android.gms.maps.zzi
com.google.common.collect.FilteredKeySetMultimap
com.google.common.io.BaseEncoding$3
androidx.core.content.pm.ShortcutManagerCompat$1
kotlin.text.StringsKt___StringsKt$windowedSequence$1
androidx.core.app.JobIntentService$CompatWorkItem
com.google.common.collect.Iterators$1
androidx.core.text.TextDirectionHeuristicsCompat
com.google.common.collect.ImmutableMap$MapViewOfValuesAsSingletonSets$1$1
kotlin.collections.State
androidx.annotation.Nullable
kotlin.sequences.TakeSequence
com.google.common.collect.Collections2$TransformedCollection
com.google.android.gms.common.api.GoogleApiClient$Builder
com.google.common.graph.BaseGraph
kotlin.DeprecatedSinceKotlin
com.google.android.gms.common.util.Clock:
    public abstract long elapsedRealtime()
    public abstract long nanoTime()
    public abstract long currentThreadTimeMillis()
androidx.core.content.res.ResourcesCompat$FontCallback
com.google.common.collect.Synchronized$SynchronizedCollection
kotlin.concurrent.LocksKt
kotlin.random.Random$Default
com.google.common.collect.ImmutableEnumSet
com.google.common.math.LinearTransformation$1
kotlin.collections.ArraysKt__ArraysJVMKt
com.google.common.collect.TreeRangeMap$SubRangeMap$SubRangeMapAsMap
com.google.common.collect.Synchronized$SynchronizedSortedSet
kotlin.ULong
com.google.android.gms.maps.internal.zzav
com.google.common.graph.ImmutableNetwork$3
dev.fluttercommunity.plus.connectivity.R$attr
com.google.android.gms.internal.base.zaa:
    protected final android.os.Parcel zaa(int,android.os.Parcel)
    protected final void zac(int,android.os.Parcel)
com.google.android.gms.signin.internal.zaf:
    public abstract void zam(int)
    public abstract void zaa(com.google.android.gms.common.internal.IAccountAccessor,int,boolean)
com.google.android.gms.common.server.response.zab
kotlin.contracts.Effect
javax.annotation.Detainted